  Scanning sources for module dependencies...
  xor.h
  Compiling...
  xor.h
  auto_strafe.cpp
  bhop.cpp
  bomb_event_info.cpp
  buylogger.cpp
  lefthand_knife.cpp
  player_infobox.cpp
  selfnade.cpp
  thirdperson.cpp
  draw_model_execute.cpp
  game_event_listener.cpp
  get_color_modulation.cpp
  is_using_static_debug_prop_modes.cpp
  override_view.cpp
  paint_traverse.cpp
  classids.cpp
  aimbot.cpp
  chams.cpp
  color_modulate.cpp
  fast_stop.cpp
  grenade_prediction.cpp
  nade_helper.cpp
  popflash_helper.cpp
  autowall.cpp
  console.cpp
  entities.cpp
  imdraw.cpp
  input.cpp
  notifies.cpp
  utils.cpp
  create_move.cpp
  frame_stage_notify.cpp
  hooks.cpp
  present.cpp
  reset.cpp
  sequence.cpp
  droidsans.hpp
  aimbot_tab.cpp
C:\Users\amosp\Desktop\Sensum_dont_delete\src\helpers\entities.cpp(560,14): warning C4834: discarding return value of function with 'nodiscard' attribute
  colors_tab.cpp
  configs_tab.cpp
  misc_tab.cpp
  players_tab.cpp
  skins_tab.cpp
  visuals_tab.cpp
  timers.cpp
  menu.cpp
  render.cpp
C:\Users\amosp\Desktop\Sensum_dont_delete\src\render\tabs\aimbot_tab.cpp(87,52): warning C4018: '>=': signed/unsigned mismatch
  spectators.cpp
  esp.cpp
  skins.cpp
  visuals.cpp
  math.cpp
  imgui_impl_dx9.cpp
  imgui.cpp
  imgui_draw.cpp
  jsoncpp.cpp
  main.cpp
  config.cpp
  globals.cpp
  options.cpp
  settings.cpp
C:\Users\amosp\Desktop\Sensum_dont_delete\src\features\skins.cpp(185): warning C4715: 'skins::get_wearable_create_fn': not all control paths return a value
  csgostructs.cpp
  kit_parser.cpp
  Vectors.cpp
  checksum_crc.cpp
  patterns.cpp
  sdk.cpp
  VMatrix.cpp
  characterset.cpp
  Color.cpp
  UtlBuffer.cpp
  UtlString.cpp
  netvars.cpp
  buffer.c
  hde32.c
  hook.c
  trampoline.c
  Sensum.vcxproj -> C:\Users\amosp\Desktop\Sensum_dont_delete\bin\Debug\Sensum.dll
